[debug] [2022-01-25T18:50:04.132Z] ----------------------------------------------------------------------
[debug] [2022-01-25T18:50:04.133Z] Command:       C:\Program Files\nodejs\node.exe C:\Users\solis\AppData\Roaming\npm\node_modules\firebase-tools\lib\bin\firebase.js init
[debug] [2022-01-25T18:50:04.134Z] CLI Version:   10.1.2
[debug] [2022-01-25T18:50:04.134Z] Platform:      win32
[debug] [2022-01-25T18:50:04.134Z] Node Version:  v16.13.0
[debug] [2022-01-25T18:50:04.135Z] Time:          Tue Jan 25 2022 12:50:04 GMT-0600 (hora estándar central)
[debug] [2022-01-25T18:50:04.135Z] ----------------------------------------------------------------------
[debug] 
[debug] [2022-01-25T18:50:04.144Z] > command requires scopes: ["email","openid","https://www.googleapis.com/auth/cloudplatformprojects.readonly","https://www.googleapis.com/auth/firebase","https://www.googleapis.com/auth/cloud-platform"]
[debug] [2022-01-25T18:50:04.145Z] > authorizing via signed-in user (solisamo6@gmail.com)
[info] 
     ######## #### ########  ######## ########     ###     ######  ########
     ##        ##  ##     ## ##       ##     ##  ##   ##  ##       ##
     ######    ##  ########  ######   ########  #########  ######  ######
     ##        ##  ##    ##  ##       ##     ## ##     ##       ## ##
     ##       #### ##     ## ######## ########  ##     ##  ######  ########

You're about to initialize a Firebase project in this directory:

  C:\Users\solis\OneDrive\Escritorio\React\netflix-clone

[info] 
=== Project Setup
[info] 
[info] First, let's associate this project directory with a Firebase project.
[info] You can create multiple project aliases by running firebase use --add, 
[info] but for now we'll just set up a default project.
[info] 
[debug] [2022-01-25T18:50:29.105Z] >>> [apiv2][query] GET https://firebase.googleapis.com/v1beta1/projects pageSize=100
[debug] [2022-01-25T18:50:29.621Z] <<< [apiv2][status] GET https://firebase.googleapis.com/v1beta1/projects 200
[debug] [2022-01-25T18:50:29.622Z] <<< [apiv2][body] GET https://firebase.googleapis.com/v1beta1/projects [omitted]
[info] i  Using project gaflix-netflix-clone (Gaflix-netflix-clone) 
[info] 
=== Hosting Setup
[info] 
[info] Your public directory is the folder (relative to your project directory) that
[info] will contain Hosting assets to be uploaded with firebase deploy. If you
[info] have a build process for your assets, use your build's output directory.
[info] 
[debug] [2022-01-25T18:51:31.646Z] >>> [apiv2][query] GET https://www.gstatic.com/firebasejs/releases.json [none]
[debug] [2022-01-25T18:51:31.838Z] <<< [apiv2][status] GET https://www.gstatic.com/firebasejs/releases.json 200
[debug] [2022-01-25T18:51:31.839Z] <<< [apiv2][body] GET https://www.gstatic.com/firebasejs/releases.json {"current":{"version":"9.6.4","browserURL":"https://www.gstatic.com/firebasejs/9.6.4/firebase.js","packageURL":"https://www.gstatic.com/firebasejs/9.6.4/firebase.tgz"},"live":{"version":"9.6","browserURL":"https://www.gstatic.com/firebasejs/live/9.6/firebase.js","packageURL":"https://www.gstatic.com/firebasejs/live/9.6/firebase.tgz"},"components":{"analytics":"https://www.gstatic.com/firebasejs/9.6.4/firebase-analytics.js","app":"https://www.gstatic.com/firebasejs/9.6.4/firebase-app.js","app-check":"https://www.gstatic.com/firebasejs/9.6.4/firebase-app-check.js","auth":"https://www.gstatic.com/firebasejs/9.6.4/firebase-auth.js","auth/cordova":"https://www.gstatic.com/firebasejs/9.6.4/firebase-auth/cordova.js","auth/react-native":"https://www.gstatic.com/firebasejs/9.6.4/firebase-auth/react-native.js","functions":"https://www.gstatic.com/firebasejs/9.6.4/firebase-functions.js","firestore":"https://www.gstatic.com/firebasejs/9.6.4/firebase-firestore.js","firestore/lite":"https://www.gstatic.com/firebasejs/9.6.4/firebase-firestore/lite.js","storage":"https://www.gstatic.com/firebasejs/9.6.4/firebase-storage.js","performance":"https://www.gstatic.com/firebasejs/9.6.4/firebase-performance.js","remote-config":"https://www.gstatic.com/firebasejs/9.6.4/firebase-remote-config.js","messaging":"https://www.gstatic.com/firebasejs/9.6.4/firebase-messaging.js","messaging/sw":"https://www.gstatic.com/firebasejs/9.6.4/firebase-messaging/sw.js","database":"https://www.gstatic.com/firebasejs/9.6.4/firebase-database.js","firestore.memory":"https://www.gstatic.com/firebasejs/9.6.4/firebase-firestore.memory.js"}}
[info] +  Wrote build/index.html 
[info] 
[info] i  Detected a .git folder at C:\Users\solis\OneDrive\Escritorio\React\netflix-clone 
[info] i  Authorizing with GitHub to upload your service account to a GitHub repository's secrets store. 
[info] 
[info] Visit this URL on this device to log in:
[info] https://github.com/login/oauth/authorize?client_id=89cf50f02ac6aaed3484&state=321564950&redirect_uri=http%3A%2F%2Flocalhost%3A9005&scope=read%3Auser%20repo%20public_repo
[info] 
[info] Waiting for authentication...
[debug] [2022-01-25T18:52:25.339Z] >>> HTTP REQUEST POST https://github.com/login/oauth/access_token  
 {"client_id":"89cf50f02ac6aaed3484","client_secret":"3330d14abc895d9a74d5f17cd7a00711fa2c5bf0","code":"a5b6e488ec56ad352518","redirect_uri":"http://localhost:9005","state":"321564950"}
[debug] [2022-01-25T18:52:25.767Z] <<< HTTP RESPONSE 200 {"server":"GitHub.com","date":"Tue, 25 Jan 2022 18:52:25 GMT","content-type":"application/json; charset=utf-8","transfer-encoding":"chunked","vary":"X-PJAX, X-PJAX-Container, Accept-Encoding, Accept, X-Requested-With","permissions-policy":"interest-cohort=()","etag":"W/\"3c3b5f01b9da66b34f47366b32bc3037\"","cache-control":"max-age=0, private, must-revalidate","strict-transport-security":"max-age=31536000; includeSubdomains; preload","x-frame-options":"deny","x-content-type-options":"nosniff","x-xss-protection":"0","referrer-policy":"origin-when-cross-origin, strict-origin-when-cross-origin","expect-ct":"max-age=2592000, report-uri=\"https://api.github.com/_private/browser/errors\"","content-security-policy":"default-src 'none'; base-uri 'self'; block-all-mixed-content; child-src github.com/assets-cdn/worker/ gist.github.com/assets-cdn/worker/; connect-src 'self' uploads.github.com objects-origin.githubusercontent.com www.githubstatus.com collector.githubapp.com api.github.com github-cloud.s3.amazonaws.com github-production-repository-file-5c1aeb.s3.amazonaws.com github-production-upload-manifest-file-7fdce7.s3.amazonaws.com github-production-user-asset-6210df.s3.amazonaws.com cdn.optimizely.com logx.optimizely.com/v1/events translator.github.com wss://alive.github.com; font-src github.githubassets.com; form-action 'self' github.com gist.github.com objects-origin.githubusercontent.com; frame-ancestors 'none'; frame-src render.githubusercontent.com viewscreen.githubusercontent.com notebooks.githubusercontent.com; img-src 'self' data: github.githubassets.com identicons.github.com collector.githubapp.com github-cloud.s3.amazonaws.com secured-user-images.githubusercontent.com/ *.githubusercontent.com; manifest-src 'self'; media-src github.com user-images.githubusercontent.com/; script-src github.githubassets.com; style-src 'unsafe-inline' github.githubassets.com; worker-src github.com/assets-cdn/worker/ gist.github.com/assets-cdn/worker/","x-github-request-id":"BF8F:37AB:6059E7:AAFCF9:61F046E9"}
[debug] [2022-01-25T18:52:25.781Z] >>> [apiv2][query] GET https://api.github.com/user [none]
[debug] [2022-01-25T18:52:26.225Z] <<< [apiv2][status] GET https://api.github.com/user 200
[debug] [2022-01-25T18:52:26.226Z] <<< [apiv2][body] GET https://api.github.com/user {"login":"JorgeAsMoreno","id":36286673,"node_id":"MDQ6VXNlcjM2Mjg2Njcz","avatar_url":"https://avatars.githubusercontent.com/u/36286673?v=4","gravatar_id":"","url":"https://api.github.com/users/JorgeAsMoreno","html_url":"https://github.com/JorgeAsMoreno","followers_url":"https://api.github.com/users/JorgeAsMoreno/followers","following_url":"https://api.github.com/users/JorgeAsMoreno/following{/other_user}","gists_url":"https://api.github.com/users/JorgeAsMoreno/gists{/gist_id}","starred_url":"https://api.github.com/users/JorgeAsMoreno/starred{/owner}{/repo}","subscriptions_url":"https://api.github.com/users/JorgeAsMoreno/subscriptions","organizations_url":"https://api.github.com/users/JorgeAsMoreno/orgs","repos_url":"https://api.github.com/users/JorgeAsMoreno/repos","events_url":"https://api.github.com/users/JorgeAsMoreno/events{/privacy}","received_events_url":"https://api.github.com/users/JorgeAsMoreno/received_events","type":"User","site_admin":false,"name":"Jorge Moreno","company":null,"blog":"","location":"Colima, Mexico","email":null,"hireable":null,"bio":"Fixing something I accidentally broke.","twitter_username":null,"public_repos":15,"public_gists":0,"followers":14,"following":12,"created_at":"2018-02-09T02:29:34Z","updated_at":"2022-01-16T17:05:18Z","private_gists":0,"total_private_repos":11,"owned_private_repos":11,"disk_usage":47156,"collaborators":1,"two_factor_authentication":false,"plan":{"name":"free","space":976562499,"collaborators":0,"private_repos":10000}}
[info] 
[info] +  Success! Logged into GitHub as JorgeAsMoreno 
[info] 
[debug] [2022-01-25T18:53:21.064Z] >>> [apiv2][query] GET https://api.github.com/repos/Netflix-Clone/actions/secrets/public-key type=owner
[debug] [2022-01-25T18:53:21.390Z] <<< [apiv2][status] GET https://api.github.com/repos/Netflix-Clone/actions/secrets/public-key 404
[debug] [2022-01-25T18:53:21.390Z] <<< [apiv2][body] GET https://api.github.com/repos/Netflix-Clone/actions/secrets/public-key {"message":"Not Found","documentation_url":"https://docs.github.com/rest"}
[debug] [2022-01-25T18:53:24.222Z] >>> [apiv2][query] GET https://api.github.com/repos/Netflix-Clone/actions/secrets/public-key type=owner
[debug] [2022-01-25T18:53:24.417Z] >>> [apiv2][query] GET https://api.github.com/repos//actions/secrets/public-key type=owner
[debug] [2022-01-25T18:53:24.546Z] <<< [apiv2][status] GET https://api.github.com/repos/Netflix-Clone/actions/secrets/public-key 404
[debug] [2022-01-25T18:53:24.546Z] <<< [apiv2][body] GET https://api.github.com/repos/Netflix-Clone/actions/secrets/public-key {"message":"Not Found","documentation_url":"https://docs.github.com/rest"}
[debug] [2022-01-25T18:53:24.751Z] <<< [apiv2][status] GET https://api.github.com/repos//actions/secrets/public-key 404
[debug] [2022-01-25T18:53:24.751Z] <<< [apiv2][body] GET https://api.github.com/repos//actions/secrets/public-key {"message":"Not Found","documentation_url":"https://docs.github.com/rest"}
[debug] [2022-01-25T18:53:26.074Z] >>> [apiv2][query] GET https://api.github.com/repos//actions/secrets/public-key type=owner
[debug] [2022-01-25T18:53:26.412Z] <<< [apiv2][status] GET https://api.github.com/repos//actions/secrets/public-key 404
[debug] [2022-01-25T18:53:26.413Z] <<< [apiv2][body] GET https://api.github.com/repos//actions/secrets/public-key {"message":"Not Found","documentation_url":"https://docs.github.com/rest"}
[debug] [2022-01-25T18:53:26.505Z] >>> [apiv2][query] GET https://api.github.com/repos//actions/secrets/public-key type=owner
[debug] [2022-01-25T18:53:26.645Z] >>> [apiv2][query] GET https://api.github.com/repos//actions/secrets/public-key type=owner
[debug] [2022-01-25T18:53:26.827Z] <<< [apiv2][status] GET https://api.github.com/repos//actions/secrets/public-key 404
[debug] [2022-01-25T18:53:26.828Z] <<< [apiv2][body] GET https://api.github.com/repos//actions/secrets/public-key {"message":"Not Found","documentation_url":"https://docs.github.com/rest"}
[debug] [2022-01-25T18:53:26.983Z] <<< [apiv2][status] GET https://api.github.com/repos//actions/secrets/public-key 404
[debug] [2022-01-25T18:53:26.983Z] <<< [apiv2][body] GET https://api.github.com/repos//actions/secrets/public-key {"message":"Not Found","documentation_url":"https://docs.github.com/rest"}
